<?xml version="1.0" encoding="UTF-8"?>
<testsuite name="com.mycompany.mytests.APITests" tests="5" skipped="0" failures="0" errors="0" timestamp="2020-06-13T15:37:04" hostname="AsadKs-MacBook-Pro.local" time="3.41">
  <properties/>
  <testcase name="endpointTestForUrls" classname="com.mycompany.mytests.APITests" time="2.385"/>
  <testcase name="verifyUser1" classname="com.mycompany.mytests.APITests" time="0.247"/>
  <testcase name="retrieveUsersWithin50MilesOfLondon" classname="com.mycompany.mytests.APITests" time="0.336"/>
  <testcase name="retrieveUsersForTheCityOfLondon" classname="com.mycompany.mytests.APITests" time="0.176"/>
  <testcase name="retrieveAllUsers" classname="com.mycompany.mytests.APITests" time="0.263"/>
  <system-out><![CDATA[16:37:05.584 [Test worker] DEBUG org.apache.http.impl.conn.BasicClientConnectionManager - Get connection for route {s}->https://bpdts-test-app.herokuapp.com:443
16:37:05.642 [Test worker] DEBUG org.apache.http.impl.conn.DefaultClientConnectionOperator - Connecting to bpdts-test-app.herokuapp.com:443
16:37:05.998 [Test worker] DEBUG org.apache.http.client.protocol.RequestAddCookies - CookieSpec selected: ignoreCookies
16:37:06.000 [Test worker] DEBUG org.apache.http.client.protocol.RequestAuthCache - Auth cache not set in the context
16:37:06.000 [Test worker] DEBUG org.apache.http.client.protocol.RequestTargetAuthentication - Target auth state: UNCHALLENGED
16:37:06.002 [Test worker] DEBUG org.apache.http.client.protocol.RequestProxyAuthentication - Proxy auth state: UNCHALLENGED
16:37:06.002 [Test worker] DEBUG org.apache.http.impl.client.DefaultHttpClient - Attempt 1 to execute request
16:37:06.003 [Test worker] DEBUG org.apache.http.impl.conn.DefaultClientConnection - Sending request: GET /user/1 HTTP/1.1
16:37:06.003 [Test worker] DEBUG org.apache.http.wire -  >> "GET /user/1 HTTP/1.1[\r][\n]"
16:37:06.005 [Test worker] DEBUG org.apache.http.wire -  >> "Accept: */*[\r][\n]"
16:37:06.005 [Test worker] DEBUG org.apache.http.wire -  >> "Content-Length: 0[\r][\n]"
16:37:06.005 [Test worker] DEBUG org.apache.http.wire -  >> "Host: bpdts-test-app.herokuapp.com[\r][\n]"
16:37:06.005 [Test worker] DEBUG org.apache.http.wire -  >> "Connection: Keep-Alive[\r][\n]"
16:37:06.006 [Test worker] DEBUG org.apache.http.wire -  >> "User-Agent: Apache-HttpClient/4.5.10 (Java/1.8.0_252)[\r][\n]"
16:37:06.006 [Test worker] DEBUG org.apache.http.wire -  >> "Accept-Encoding: gzip,deflate[\r][\n]"
16:37:06.006 [Test worker] DEBUG org.apache.http.wire -  >> "[\r][\n]"
16:37:06.006 [Test worker] DEBUG org.apache.http.headers - >> GET /user/1 HTTP/1.1
16:37:06.008 [Test worker] DEBUG org.apache.http.headers - >> Accept: */*
16:37:06.008 [Test worker] DEBUG org.apache.http.headers - >> Content-Length: 0
16:37:06.008 [Test worker] DEBUG org.apache.http.headers - >> Host: bpdts-test-app.herokuapp.com
16:37:06.008 [Test worker] DEBUG org.apache.http.headers - >> Connection: Keep-Alive
16:37:06.009 [Test worker] DEBUG org.apache.http.headers - >> User-Agent: Apache-HttpClient/4.5.10 (Java/1.8.0_252)
16:37:06.009 [Test worker] DEBUG org.apache.http.headers - >> Accept-Encoding: gzip,deflate
16:37:06.037 [Test worker] DEBUG org.apache.http.wire -  << "HTTP/1.1 200 OK[\r][\n]"
16:37:06.038 [Test worker] DEBUG org.apache.http.wire -  << "Connection: keep-alive[\r][\n]"
16:37:06.039 [Test worker] DEBUG org.apache.http.wire -  << "Server: gunicorn/19.9.0[\r][\n]"
16:37:06.039 [Test worker] DEBUG org.apache.http.wire -  << "Date: Sat, 13 Jun 2020 15:37:06 GMT[\r][\n]"
16:37:06.039 [Test worker] DEBUG org.apache.http.wire -  << "Content-Type: application/json[\r][\n]"
16:37:06.039 [Test worker] DEBUG org.apache.http.wire -  << "Content-Length: 192[\r][\n]"
16:37:06.040 [Test worker] DEBUG org.apache.http.wire -  << "Via: 1.1 vegur[\r][\n]"
16:37:06.040 [Test worker] DEBUG org.apache.http.wire -  << "[\r][\n]"
16:37:06.041 [Test worker] DEBUG org.apache.http.impl.conn.DefaultClientConnection - Receiving response: HTTP/1.1 200 OK
16:37:06.041 [Test worker] DEBUG org.apache.http.headers - << HTTP/1.1 200 OK
16:37:06.041 [Test worker] DEBUG org.apache.http.headers - << Connection: keep-alive
16:37:06.041 [Test worker] DEBUG org.apache.http.headers - << Server: gunicorn/19.9.0
16:37:06.041 [Test worker] DEBUG org.apache.http.headers - << Date: Sat, 13 Jun 2020 15:37:06 GMT
16:37:06.042 [Test worker] DEBUG org.apache.http.headers - << Content-Type: application/json
16:37:06.042 [Test worker] DEBUG org.apache.http.headers - << Content-Length: 192
16:37:06.042 [Test worker] DEBUG org.apache.http.headers - << Via: 1.1 vegur
16:37:06.046 [Test worker] DEBUG org.apache.http.impl.client.DefaultHttpClient - Connection can be kept alive indefinitely
16:37:06.068 [Test worker] DEBUG io.restassured.internal.RequestSpecificationImpl$RestAssuredHttpBuilder - Parsing response as: application/json
16:37:06.069 [Test worker] DEBUG io.restassured.internal.RequestSpecificationImpl$RestAssuredHttpBuilder - Parsed data to instance of: class org.apache.http.conn.EofSensorInputStream
16:37:06.146 [Test worker] DEBUG org.apache.http.impl.conn.BasicClientConnectionManager - Get connection for route {s}->https://bpdts-test-app.herokuapp.com:443
16:37:06.147 [Test worker] DEBUG org.apache.http.impl.conn.DefaultClientConnectionOperator - Connecting to bpdts-test-app.herokuapp.com:443
16:37:06.316 [Test worker] DEBUG org.apache.http.client.protocol.RequestAddCookies - CookieSpec selected: ignoreCookies
16:37:06.316 [Test worker] DEBUG org.apache.http.client.protocol.RequestAuthCache - Auth cache not set in the context
16:37:06.317 [Test worker] DEBUG org.apache.http.client.protocol.RequestTargetAuthentication - Target auth state: UNCHALLENGED
16:37:06.317 [Test worker] DEBUG org.apache.http.client.protocol.RequestProxyAuthentication - Proxy auth state: UNCHALLENGED
16:37:06.317 [Test worker] DEBUG org.apache.http.impl.client.DefaultHttpClient - Attempt 1 to execute request
16:37:06.317 [Test worker] DEBUG org.apache.http.impl.conn.DefaultClientConnection - Sending request: GET /city/London/users HTTP/1.1
16:37:06.317 [Test worker] DEBUG org.apache.http.wire -  >> "GET /city/London/users HTTP/1.1[\r][\n]"
16:37:06.318 [Test worker] DEBUG org.apache.http.wire -  >> "Accept: */*[\r][\n]"
16:37:06.318 [Test worker] DEBUG org.apache.http.wire -  >> "Content-Length: 0[\r][\n]"
16:37:06.318 [Test worker] DEBUG org.apache.http.wire -  >> "Host: bpdts-test-app.herokuapp.com[\r][\n]"
16:37:06.318 [Test worker] DEBUG org.apache.http.wire -  >> "Connection: Keep-Alive[\r][\n]"
16:37:06.319 [Test worker] DEBUG org.apache.http.wire -  >> "User-Agent: Apache-HttpClient/4.5.10 (Java/1.8.0_252)[\r][\n]"
16:37:06.319 [Test worker] DEBUG org.apache.http.wire -  >> "Accept-Encoding: gzip,deflate[\r][\n]"
16:37:06.320 [Test worker] DEBUG org.apache.http.wire -  >> "[\r][\n]"
16:37:06.320 [Test worker] DEBUG org.apache.http.headers - >> GET /city/London/users HTTP/1.1
16:37:06.320 [Test worker] DEBUG org.apache.http.headers - >> Accept: */*
16:37:06.321 [Test worker] DEBUG org.apache.http.headers - >> Content-Length: 0
16:37:06.321 [Test worker] DEBUG org.apache.http.headers - >> Host: bpdts-test-app.herokuapp.com
16:37:06.321 [Test worker] DEBUG org.apache.http.headers - >> Connection: Keep-Alive
16:37:06.322 [Test worker] DEBUG org.apache.http.headers - >> User-Agent: Apache-HttpClient/4.5.10 (Java/1.8.0_252)
16:37:06.322 [Test worker] DEBUG org.apache.http.headers - >> Accept-Encoding: gzip,deflate
16:37:06.355 [Test worker] DEBUG org.apache.http.wire -  << "HTTP/1.1 200 OK[\r][\n]"
16:37:06.356 [Test worker] DEBUG org.apache.http.wire -  << "Connection: keep-alive[\r][\n]"
16:37:06.356 [Test worker] DEBUG org.apache.http.wire -  << "Server: gunicorn/19.9.0[\r][\n]"
16:37:06.356 [Test worker] DEBUG org.apache.http.wire -  << "Date: Sat, 13 Jun 2020 15:37:06 GMT[\r][\n]"
16:37:06.357 [Test worker] DEBUG org.apache.http.wire -  << "Content-Type: application/json[\r][\n]"
16:37:06.357 [Test worker] DEBUG org.apache.http.wire -  << "Content-Length: 1065[\r][\n]"
16:37:06.358 [Test worker] DEBUG org.apache.http.wire -  << "Via: 1.1 vegur[\r][\n]"
16:37:06.358 [Test worker] DEBUG org.apache.http.wire -  << "[\r][\n]"
16:37:06.358 [Test worker] DEBUG org.apache.http.impl.conn.DefaultClientConnection - Receiving response: HTTP/1.1 200 OK
16:37:06.359 [Test worker] DEBUG org.apache.http.headers - << HTTP/1.1 200 OK
16:37:06.359 [Test worker] DEBUG org.apache.http.headers - << Connection: keep-alive
16:37:06.359 [Test worker] DEBUG org.apache.http.headers - << Server: gunicorn/19.9.0
16:37:06.359 [Test worker] DEBUG org.apache.http.headers - << Date: Sat, 13 Jun 2020 15:37:06 GMT
16:37:06.359 [Test worker] DEBUG org.apache.http.headers - << Content-Type: application/json
16:37:06.359 [Test worker] DEBUG org.apache.http.headers - << Content-Length: 1065
16:37:06.360 [Test worker] DEBUG org.apache.http.headers - << Via: 1.1 vegur
16:37:06.360 [Test worker] DEBUG org.apache.http.impl.client.DefaultHttpClient - Connection can be kept alive indefinitely
16:37:06.361 [Test worker] DEBUG io.restassured.internal.RequestSpecificationImpl$RestAssuredHttpBuilder - Parsing response as: application/json
16:37:06.361 [Test worker] DEBUG io.restassured.internal.RequestSpecificationImpl$RestAssuredHttpBuilder - Parsed data to instance of: class org.apache.http.conn.EofSensorInputStream
16:37:06.372 [Test worker] DEBUG org.apache.http.impl.conn.BasicClientConnectionManager - Get connection for route {s}->https://bpdts-test-app.herokuapp.com:443
16:37:06.372 [Test worker] DEBUG org.apache.http.impl.conn.DefaultClientConnectionOperator - Connecting to bpdts-test-app.herokuapp.com:443
16:37:06.531 [Test worker] DEBUG org.apache.http.client.protocol.RequestAddCookies - CookieSpec selected: ignoreCookies
16:37:06.531 [Test worker] DEBUG org.apache.http.client.protocol.RequestAuthCache - Auth cache not set in the context
16:37:06.531 [Test worker] DEBUG org.apache.http.client.protocol.RequestTargetAuthentication - Target auth state: UNCHALLENGED
16:37:06.531 [Test worker] DEBUG org.apache.http.client.protocol.RequestProxyAuthentication - Proxy auth state: UNCHALLENGED
16:37:06.532 [Test worker] DEBUG org.apache.http.impl.client.DefaultHttpClient - Attempt 1 to execute request
16:37:06.532 [Test worker] DEBUG org.apache.http.impl.conn.DefaultClientConnection - Sending request: GET /users HTTP/1.1
16:37:06.533 [Test worker] DEBUG org.apache.http.wire -  >> "GET /users HTTP/1.1[\r][\n]"
16:37:06.533 [Test worker] DEBUG org.apache.http.wire -  >> "Accept: */*[\r][\n]"
16:37:06.533 [Test worker] DEBUG org.apache.http.wire -  >> "Content-Length: 0[\r][\n]"
16:37:06.534 [Test worker] DEBUG org.apache.http.wire -  >> "Host: bpdts-test-app.herokuapp.com[\r][\n]"
16:37:06.534 [Test worker] DEBUG org.apache.http.wire -  >> "Connection: Keep-Alive[\r][\n]"
16:37:06.534 [Test worker] DEBUG org.apache.http.wire -  >> "User-Agent: Apache-HttpClient/4.5.10 (Java/1.8.0_252)[\r][\n]"
16:37:06.534 [Test worker] DEBUG org.apache.http.wire -  >> "Accept-Encoding: gzip,deflate[\r][\n]"
16:37:06.534 [Test worker] DEBUG org.apache.http.wire -  >> "[\r][\n]"
16:37:06.534 [Test worker] DEBUG org.apache.http.headers - >> GET /users HTTP/1.1
16:37:06.535 [Test worker] DEBUG org.apache.http.headers - >> Accept: */*
16:37:06.535 [Test worker] DEBUG org.apache.http.headers - >> Content-Length: 0
16:37:06.535 [Test worker] DEBUG org.apache.http.headers - >> Host: bpdts-test-app.herokuapp.com
16:37:06.535 [Test worker] DEBUG org.apache.http.headers - >> Connection: Keep-Alive
16:37:06.535 [Test worker] DEBUG org.apache.http.headers - >> User-Agent: Apache-HttpClient/4.5.10 (Java/1.8.0_252)
16:37:06.535 [Test worker] DEBUG org.apache.http.headers - >> Accept-Encoding: gzip,deflate
16:37:06.568 [Test worker] DEBUG org.apache.http.wire -  << "HTTP/1.1 200 OK[\r][\n]"
16:37:06.568 [Test worker] DEBUG org.apache.http.wire -  << "Connection: keep-alive[\r][\n]"
16:37:06.569 [Test worker] DEBUG org.apache.http.wire -  << "Server: gunicorn/19.9.0[\r][\n]"
16:37:06.569 [Test worker] DEBUG org.apache.http.wire -  << "Date: Sat, 13 Jun 2020 15:37:06 GMT[\r][\n]"
16:37:06.569 [Test worker] DEBUG org.apache.http.wire -  << "Content-Type: application/json[\r][\n]"
16:37:06.570 [Test worker] DEBUG org.apache.http.wire -  << "Content-Length: 175719[\r][\n]"
16:37:06.570 [Test worker] DEBUG org.apache.http.wire -  << "Via: 1.1 vegur[\r][\n]"
16:37:06.570 [Test worker] DEBUG org.apache.http.wire -  << "[\r][\n]"
16:37:06.570 [Test worker] DEBUG org.apache.http.impl.conn.DefaultClientConnection - Receiving response: HTTP/1.1 200 OK
16:37:06.571 [Test worker] DEBUG org.apache.http.headers - << HTTP/1.1 200 OK
16:37:06.571 [Test worker] DEBUG org.apache.http.headers - << Connection: keep-alive
16:37:06.571 [Test worker] DEBUG org.apache.http.headers - << Server: gunicorn/19.9.0
16:37:06.571 [Test worker] DEBUG org.apache.http.headers - << Date: Sat, 13 Jun 2020 15:37:06 GMT
16:37:06.571 [Test worker] DEBUG org.apache.http.headers - << Content-Type: application/json
16:37:06.572 [Test worker] DEBUG org.apache.http.headers - << Content-Length: 175719
16:37:06.572 [Test worker] DEBUG org.apache.http.headers - << Via: 1.1 vegur
16:37:06.573 [Test worker] DEBUG org.apache.http.impl.client.DefaultHttpClient - Connection can be kept alive indefinitely
16:37:06.573 [Test worker] DEBUG io.restassured.internal.RequestSpecificationImpl$RestAssuredHttpBuilder - Parsing response as: application/json
16:37:06.574 [Test worker] DEBUG io.restassured.internal.RequestSpecificationImpl$RestAssuredHttpBuilder - Parsed data to instance of: class org.apache.http.conn.EofSensorInputStream
]]></system-out>
  <system-err><![CDATA[]]></system-err>
</testsuite>
