<?xml version="1.0" encoding="UTF-8"?>
<testsuite name="APITests" tests="1" skipped="0" failures="0" errors="0" timestamp="2020-06-10T13:29:53" hostname="AsadKs-MacBook-Pro.local" time="0.555">
  <properties/>
  <testcase name="verifyUser1" classname="APITests" time="0.555"/>
  <system-out><![CDATA[]]></system-out>
  <system-err><![CDATA[]]></system-err>
</testsuite>
